#
# There is insufficient memory for the Java Runtime Environment to continue.
# Native memory allocation (malloc) failed to allocate 524016 bytes for Chunk::new
# Possible reasons:
#   The system is out of physical RAM or swap space
#   In 32 bit mode, the process size limit was hit
# Possible solutions:
#   Reduce memory load on the system
#   Increase physical memory or swap space
#   Check if swap backing store is full
#   Use 64 bit Java on a 64 bit OS
#   Decrease Java heap size (-Xmx/-Xms)
#   Decrease number of Java threads
#   Decrease Java thread stack sizes (-Xss)
#   Set larger code cache with -XX:ReservedCodeCacheSize=
# This output file may be truncated or incomplete.
#
#  Out of Memory Error (allocation.cpp:390), pid=1744, tid=0x000000000000139c
#
# JRE version: OpenJDK Runtime Environment (8.0_76-b03) (build 1.8.0_76-release-b03)
# Java VM: OpenJDK 64-Bit Server VM (25.76-b03 mixed mode windows-amd64 compressed oops)
# Failed to write core dump. Minidumps are not enabled by default on client versions of Windows
#

---------------  T H R E A D  ---------------

Current thread (0x0000000016281800):  JavaThread "C2 CompilerThread1" daemon [_thread_in_native, id=5020, stack(0x00000000179d0000,0x0000000017ad0000)]

Stack: [0x00000000179d0000,0x0000000017ad0000]
[error occurred during error reporting (printing stack bounds), id 0xc0000005]

Native frames: (J=compiled Java code, j=interpreted, Vv=VM code, C=native code)


Current CompileTask:
C2:  86460 13977       4       com.android.dx.ssa.SsaConverter::edgeSplitPredecessors (44 bytes)


---------------  P R O C E S S  ---------------

Java Threads: ( => current thread )
  0x000000001edb8000 JavaThread "pool-26-thread-4" [_thread_blocked, id=8360, stack(0x000000002a500000,0x000000002a600000)]
  0x000000001edb6800 JavaThread "pool-26-thread-3" [_thread_in_Java, id=11836, stack(0x000000002a400000,0x000000002a500000)]
  0x000000001edb3800 JavaThread "pool-26-thread-2" [_thread_blocked, id=10336, stack(0x000000002a300000,0x000000002a400000)]
  0x000000001edb2000 JavaThread "pool-27-thread-1" [_thread_blocked, id=11344, stack(0x000000002a200000,0x000000002a300000)]
  0x000000001edb7000 JavaThread "pool-26-thread-1" [_thread_blocked, id=8676, stack(0x000000002a100000,0x000000002a200000)]
  0x000000001977a800 JavaThread "pool-9-thread-4" [_thread_in_Java, id=11952, stack(0x0000000027c00000,0x0000000027d00000)]
  0x0000000019781800 JavaThread "pool-9-thread-3" [_thread_blocked, id=856, stack(0x0000000027b00000,0x0000000027c00000)]
  0x000000001977a000 JavaThread "pool-9-thread-2" [_thread_in_Java, id=7292, stack(0x0000000027a00000,0x0000000027b00000)]
  0x000000001977f000 JavaThread "pool-9-thread-1" [_thread_in_Java, id=10800, stack(0x0000000027440000,0x0000000027540000)]
  0x0000000019780000 JavaThread "stdout" daemon [_thread_in_native, id=7284, stack(0x00000000257e0000,0x00000000258e0000)]
  0x000000001d4b1000 JavaThread "stderr" daemon [_thread_in_native, id=4652, stack(0x00000000256e0000,0x00000000257e0000)]
  0x000000001d4b0000 JavaThread "stdout" daemon [_thread_in_native, id=10492, stack(0x00000000255e0000,0x00000000256e0000)]
  0x000000001d4af800 JavaThread "stdout" daemon [_thread_in_native, id=7160, stack(0x00000000254e0000,0x00000000255e0000)]
  0x000000001d4ae800 JavaThread "stderr" daemon [_thread_in_native, id=5364, stack(0x00000000253e0000,0x00000000254e0000)]
  0x000000001d4b1800 JavaThread "stderr" daemon [_thread_in_native, id=4372, stack(0x00000000252e0000,0x00000000253e0000)]
  0x000000001d4ae000 JavaThread "stdout" daemon [_thread_in_native, id=5256, stack(0x00000000251e0000,0x00000000252e0000)]
  0x000000001d4a6800 JavaThread "stderr" daemon [_thread_in_native, id=4728, stack(0x00000000250e0000,0x00000000251e0000)]
  0x000000001d4ad000 JavaThread "stdout" daemon [_thread_in_native, id=9008, stack(0x0000000024fe0000,0x00000000250e0000)]
  0x000000001d4a5800 JavaThread "stderr" daemon [_thread_in_native, id=9532, stack(0x0000000024ee0000,0x0000000024fe0000)]
  0x000000001d4ab800 JavaThread "stdout" daemon [_thread_in_native, id=2660, stack(0x0000000024ce0000,0x0000000024de0000)]
  0x000000001d4ab000 JavaThread "stderr" daemon [_thread_in_native, id=10532, stack(0x0000000024be0000,0x0000000024ce0000)]
  0x000000001d4a9800 JavaThread "stdout" daemon [_thread_in_native, id=9764, stack(0x0000000024ae0000,0x0000000024be0000)]
  0x000000001d4aa000 JavaThread "stderr" daemon [_thread_in_native, id=12032, stack(0x00000000249e0000,0x0000000024ae0000)]
  0x000000001d4a4000 JavaThread "stdout" daemon [_thread_in_native, id=5756, stack(0x00000000248e0000,0x00000000249e0000)]
  0x000000001d4a8800 JavaThread "stderr" daemon [_thread_in_native, id=1948, stack(0x00000000247e0000,0x00000000248e0000)]
  0x000000001d4a8000 JavaThread "stdout" daemon [_thread_in_native, id=6836, stack(0x00000000246e0000,0x00000000247e0000)]
  0x000000001d4a5000 JavaThread "stderr" daemon [_thread_in_native, id=7128, stack(0x00000000245e0000,0x00000000246e0000)]
  0x000000001d4a2800 JavaThread "stdout" daemon [_thread_in_native, id=9672, stack(0x0000000024390000,0x0000000024490000)]
  0x000000001d4a3800 JavaThread "stderr" daemon [_thread_in_native, id=7224, stack(0x0000000024290000,0x0000000024390000)]
  0x000000001d4a7000 JavaThread "stdout" daemon [_thread_in_native, id=172, stack(0x0000000024050000,0x0000000024150000)]
  0x000000001bc66800 JavaThread "stderr" daemon [_thread_in_native, id=11480, stack(0x0000000023f50000,0x0000000024050000)]
  0x000000001bc65000 JavaThread "stdout" daemon [_thread_in_native, id=10536, stack(0x0000000023e50000,0x0000000023f50000)]
  0x000000001bc65800 JavaThread "stderr" daemon [_thread_in_native, id=4924, stack(0x0000000023d50000,0x0000000023e50000)]
  0x000000001bc64000 JavaThread "stdout" daemon [_thread_in_native, id=6280, stack(0x0000000023b50000,0x0000000023c50000)]
  0x000000001bc5c800 JavaThread "stderr" daemon [_thread_in_native, id=11728, stack(0x0000000023a50000,0x0000000023b50000)]
  0x000000001bc62000 JavaThread "stdout" daemon [_thread_in_native, id=11932, stack(0x0000000023950000,0x0000000023a50000)]
  0x000000001bc5f000 JavaThread "stderr" daemon [_thread_in_native, id=5884, stack(0x0000000023850000,0x0000000023950000)]
  0x000000001bc5f800 JavaThread "stdout" daemon [_thread_in_native, id=6620, stack(0x0000000023750000,0x0000000023850000)]
  0x000000001bc5d800 JavaThread "stderr" daemon [_thread_in_native, id=6916, stack(0x0000000023650000,0x0000000023750000)]
  0x000000001bc63800 JavaThread "png-cruncher_20" daemon [_thread_blocked, id=7848, stack(0x0000000023550000,0x0000000023650000)]
  0x000000001bc60800 JavaThread "png-cruncher_19" daemon [_thread_blocked, id=10480, stack(0x0000000023450000,0x0000000023550000)]
  0x000000001bc5c000 JavaThread "png-cruncher_18" daemon [_thread_blocked, id=6256, stack(0x0000000023350000,0x0000000023450000)]
  0x000000001bc5e000 JavaThread "png-cruncher_17" daemon [_thread_blocked, id=2904, stack(0x0000000023250000,0x0000000023350000)]
  0x000000001bc61000 JavaThread "png-cruncher_16" daemon [_thread_blocked, id=5096, stack(0x0000000023150000,0x0000000023250000)]
  0x000000001bc62800 JavaThread "png-cruncher_15" daemon [_thread_blocked, id=7252, stack(0x0000000023050000,0x0000000023150000)]
  0x000000001bc5b000 JavaThread "png-cruncher_14" daemon [_thread_blocked, id=124, stack(0x0000000022f50000,0x0000000023050000)]
  0x000000001bc58000 JavaThread "png-cruncher_13" daemon [_thread_blocked, id=3244, stack(0x0000000022e50000,0x0000000022f50000)]
  0x000000001bc5a800 JavaThread "png-cruncher_12" daemon [_thread_blocked, id=7792, stack(0x0000000022d50000,0x0000000022e50000)]
  0x000000001bc59800 JavaThread "png-cruncher_11" daemon [_thread_blocked, id=5300, stack(0x0000000022c50000,0x0000000022d50000)]
  0x000000001bc57000 JavaThread "stdout" daemon [_thread_in_native, id=11924, stack(0x0000000022b50000,0x0000000022c50000)]
  0x000000001bc59000 JavaThread "stderr" daemon [_thread_in_native, id=432, stack(0x0000000022a50000,0x0000000022b50000)]
  0x000000001bf22800 JavaThread "png-cruncher_10" daemon [_thread_blocked, id=4700, stack(0x0000000022950000,0x0000000022a50000)]
  0x000000001bf1e000 JavaThread "png-cruncher_9" daemon [_thread_blocked, id=12144, stack(0x0000000022850000,0x0000000022950000)]
  0x000000001b47a000 JavaThread "png-cruncher_8" daemon [_thread_blocked, id=1060, stack(0x0000000022750000,0x0000000022850000)]
  0x000000001b479000 JavaThread "png-cruncher_7" daemon [_thread_blocked, id=5504, stack(0x0000000022650000,0x0000000022750000)]
  0x000000001b471800 JavaThread "png-cruncher_6" daemon [_thread_blocked, id=4872, stack(0x0000000022550000,0x0000000022650000)]
  0x000000001b478800 JavaThread "stdout" daemon [_thread_in_native, id=5580, stack(0x0000000022450000,0x0000000022550000)]
  0x000000001b477800 JavaThread "stderr" daemon [_thread_in_native, id=4508, stack(0x0000000022350000,0x0000000022450000)]
  0x000000001b477000 JavaThread "stdout" daemon [_thread_in_native, id=1684, stack(0x0000000022250000,0x0000000022350000)]
  0x000000001b476000 JavaThread "stderr" daemon [_thread_in_native, id=10252, stack(0x0000000022150000,0x0000000022250000)]
  0x000000001b475800 JavaThread "stdout" daemon [_thread_in_native, id=7900, stack(0x0000000022050000,0x0000000022150000)]
  0x000000001b474800 JavaThread "stderr" daemon [_thread_in_native, id=7904, stack(0x0000000021f50000,0x0000000022050000)]
  0x000000001b46d000 JavaThread "stdout" daemon [_thread_in_native, id=7556, stack(0x0000000021e50000,0x0000000021f50000)]
  0x000000001b46f800 JavaThread "stderr" daemon [_thread_in_native, id=6880, stack(0x0000000021d50000,0x0000000021e50000)]
  0x000000001b471000 JavaThread "png-cruncher_5" daemon [_thread_blocked, id=8616, stack(0x0000000021c50000,0x0000000021d50000)]
  0x000000001b474000 JavaThread "png-cruncher_4" daemon [_thread_blocked, id=8604, stack(0x0000000021b50000,0x0000000021c50000)]
  0x000000001b46e000 JavaThread "png-cruncher_3" daemon [_thread_blocked, id=5428, stack(0x0000000021a50000,0x0000000021b50000)]
  0x000000001b472800 JavaThread "png-cruncher_2" daemon [_thread_blocked, id=12248, stack(0x0000000021950000,0x0000000021a50000)]
  0x000000001b473000 JavaThread "png-cruncher_1" daemon [_thread_blocked, id=860, stack(0x0000000021850000,0x0000000021950000)]
  0x000000001b46c800 JavaThread "Java2D Disposer" daemon [_thread_blocked, id=8236, stack(0x0000000021550000,0x0000000021650000)]
  0x000000001b46b800 JavaThread "pool-3-thread-4" [_thread_blocked, id=10692, stack(0x0000000021450000,0x0000000021550000)]
  0x000000001b46e800 JavaThread "pool-3-thread-3" [_thread_blocked, id=10300, stack(0x0000000021350000,0x0000000021450000)]
  0x000000001b470000 JavaThread "pool-3-thread-2" [_thread_blocked, id=4184, stack(0x0000000021150000,0x0000000021250000)]
  0x000000001bf20000 JavaThread "pool-3-thread-1" [_thread_blocked, id=8064, stack(0x0000000021050000,0x0000000021150000)]
  0x0000000019619800 JavaThread "File lock request listener" [_thread_in_native, id=4484, stack(0x000000001e230000,0x000000001e330000)]
  0x0000000018da5000 JavaThread "Asynchronous log dispatcher for org.gradle.launcher.daemon.server.DefaultDaemonConnection@2e222e85" [_thread_blocked, id=7752, stack(0x000000001a6c0000,0x000000001a7c0000)]
  0x0000000018fef800 JavaThread "Daemon worker" [_thread_blocked, id=10844, stack(0x000000001a5c0000,0x000000001a6c0000)]
  0x0000000018c35000 JavaThread "Cancel handler" [_thread_blocked, id=7992, stack(0x000000001a4c0000,0x000000001a5c0000)]
  0x0000000018c3e000 JavaThread "Handler for socket connection from /127.0.0.1:65259 to /127.0.0.1:65260" [_thread_in_native, id=8120, stack(0x000000001a3c0000,0x000000001a4c0000)]
  0x0000000018d69800 JavaThread "Daemon" [_thread_blocked, id=10236, stack(0x000000001a2c0000,0x000000001a3c0000)]
  0x0000000018ab6000 JavaThread "pool-1-thread-1" [_thread_blocked, id=7968, stack(0x000000001a1c0000,0x000000001a2c0000)]
  0x0000000018f82000 JavaThread "Incoming local TCP Connector on port 65259" [_thread_in_native, id=11024, stack(0x0000000019d80000,0x0000000019e80000)]
  0x0000000017bf8800 JavaThread "Service Thread" daemon [_thread_blocked, id=7036, stack(0x0000000017fd0000,0x00000000180d0000)]
  0x0000000016284800 JavaThread "C1 CompilerThread2" daemon [_thread_in_vm, id=5760, stack(0x0000000017ad0000,0x0000000017bd0000)]
=>0x0000000016281800 JavaThread "C2 CompilerThread1" daemon [_thread_in_native, id=5020, stack(0x00000000179d0000,0x0000000017ad0000)]
  0x000000001627f800 JavaThread "C2 CompilerThread0" daemon [_thread_blocked, id=1980, stack(0x00000000178d0000,0x00000000179d0000)]
  0x000000001627e000 JavaThread "Attach Listener" daemon [_thread_blocked, id=8392, stack(0x00000000177d0000,0x00000000178d0000)]
  0x000000001627b800 JavaThread "Signal Dispatcher" daemon [_thread_blocked, id=3496, stack(0x00000000176d0000,0x00000000177d0000)]
  0x000000000290b000 JavaThread "Finalizer" daemon [_thread_blocked, id=512, stack(0x00000000174e0000,0x00000000175e0000)]
  0x0000000002900000 JavaThread "Reference Handler" daemon [_thread_blocked, id=436, stack(0x00000000173e0000,0x00000000174e0000)]
  0x0000000002810800 JavaThread "main" [_thread_blocked, id=2864, stack(0x00000000026a0000,0x00000000027a0000)]

Other Threads:
  0x0000000016245800 VMThread [stack: 0x00000000172e0000,0x00000000173e0000] [id=9836]
  0x00000000162dd800 WatcherThread [stack: 0x00000000180d0000,0x00000000181d0000] [id=6004]

VM state:not at safepoint (normal execution)

VM Mutex/Monitor currently owned by a thread:  ([mutex/lock_event])
[0x00000000027fb6d0] CodeCache_lock - owner thread: 0x0000000016284800

Heap:
 PSYoungGen      total 332800K, used 91660K [0x00000000e0000000, 0x00000000feb00000, 0x0000000100000000)
  eden space 277504K, 33% used [0x00000000e0000000,0x00000000e59832e0,0x00000000f0f00000)
  from space 55296K, 0% used [0x00000000f0f00000,0x00000000f0f00000,0x00000000f4500000)
  to   space 74752K, 0% used [0x00000000fa200000,0x00000000fa200000,0x00000000feb00000)
 ParOldGen       total 182784K, used 96592K [0x00000000a0000000, 0x00000000ab280000, 0x00000000e0000000)
  object space 182784K, 52% used [0x00000000a0000000,0x00000000a5e541b8,0x00000000ab280000)
 Metaspace       used 66966K, capacity 68660K, committed 68864K, reserved 1110016K
  class space    used 8449K, capacity 8847K, committed 8960K, reserved 1048576K

Card table byte_map: [0x0000000011cd0000,0x0000000011fe0000] byte_map_base: 0x00000000117d0000

Marking Bits: (ParMarkBitMap*) 0x000000006ed69d00
 Begin Bits: [0x00000000125e0000, 0x0000000013de0000)
 End Bits:   [0x0000000013de0000, 0x00000000155e0000)

Polling page: 0x0000000000b40000

CodeCache: size=245760Kb used=39722Kb max_used=40213Kb free=206037Kb
 bounds [0x0000000002910000, 0x00000000050b0000, 0x0000000011910000]
 total_blobs=12314 nmethods=11463 adapters=762
 compilation: enabled

Compilation events (10 events):
Event: 86.260 Thread 0x0000000016284800 14046       2       com.android.dx.rop.code.RegisterSpecSet::withOffset (77 bytes)
Event: 86.261 Thread 0x0000000016284800 nmethod 14046 0x0000000002cb88d0 code [0x0000000002cb8a60, 0x0000000002cb8e58]
Event: 86.262 Thread 0x0000000016284800 14049       2       com.android.dx.rop.code.RegisterSpecList::withOffset (76 bytes)
Event: 86.263 Thread 0x0000000016284800 nmethod 14049 0x0000000005082210 code [0x00000000050823e0, 0x0000000005082a78]
Event: 86.264 Thread 0x0000000016284800 14059       2       com.android.dx.dex.code.PositionList$Entry::<init> (43 bytes)
Event: 86.265 Thread 0x0000000016284800 nmethod 14059 0x0000000002c04750 code [0x0000000002c048e0, 0x0000000002c04b98]
Event: 86.266 Thread 0x0000000016284800 14062 %     3       com.android.dx.dex.code.form.Form35c::wordCount @ 16 (74 bytes)
Event: 86.267 Thread 0x0000000016284800 nmethod 14062% 0x0000000002b2b410 code [0x0000000002b2b620, 0x0000000002b2c308]
Event: 86.268 Thread 0x0000000016284800 14063       3       com.android.dx.dex.code.form.Form35c::wordCount (74 bytes)
Event: 86.269 Thread 0x0000000016284800 nmethod 14063 0x0000000005053650 code [0x0000000005053840, 0x00000000050544a8]

GC Heap History (10 events):
Event: 79.510 GC heap before
{Heap before GC invocations=26 (full 3):
 PSYoungGen      total 244736K, used 234837K [0x00000000e0000000, 0x00000000f1380000, 0x0000000100000000)
  eden space 212992K, 100% used [0x00000000e0000000,0x00000000ed000000,0x00000000ed000000)
  from space 31744K, 68% used [0x00000000ef000000,0x00000000f0555440,0x00000000f0f00000)
  to   space 32768K, 0% used [0x00000000ed000000,0x00000000ed000000,0x00000000ef000000)
 ParOldGen       total 92672K, used 38166K [0x00000000a0000000, 0x00000000a5a80000, 0x00000000e0000000)
  object space 92672K, 41% used [0x00000000a0000000,0x00000000a2545a68,0x00000000a5a80000)
 Metaspace       used 66598K, capacity 68340K, committed 68608K, reserved 1110016K
  class space    used 8445K, capacity 8847K, committed 8960K, reserved 1048576K
Event: 79.598 GC heap after
Heap after GC invocations=26 (full 3):
 PSYoungGen      total 245760K, used 32765K [0x00000000e0000000, 0x00000000f6d00000, 0x0000000100000000)
  eden space 212992K, 0% used [0x00000000e0000000,0x00000000e0000000,0x00000000ed000000)
  from space 32768K, 99% used [0x00000000ed000000,0x00000000eefff640,0x00000000ef000000)
  to   space 40960K, 0% used [0x00000000f4500000,0x00000000f4500000,0x00000000f6d00000)
 ParOldGen       total 92672K, used 46094K [0x00000000a0000000, 0x00000000a5a80000, 0x00000000e0000000)
  object space 92672K, 49% used [0x00000000a0000000,0x00000000a2d03b10,0x00000000a5a80000)
 Metaspace       used 66598K, capacity 68340K, committed 68608K, reserved 1110016K
  class space    used 8445K, capacity 8847K, committed 8960K, reserved 1048576K
}
Event: 81.339 GC heap before
{Heap before GC invocations=27 (full 3):
 PSYoungGen      total 245760K, used 245757K [0x00000000e0000000, 0x00000000f6d00000, 0x0000000100000000)
  eden space 212992K, 100% used [0x00000000e0000000,0x00000000ed000000,0x00000000ed000000)
  from space 32768K, 99% used [0x00000000ed000000,0x00000000eefff640,0x00000000ef000000)
  to   space 40960K, 0% used [0x00000000f4500000,0x00000000f4500000,0x00000000f6d00000)
 ParOldGen       total 92672K, used 46094K [0x00000000a0000000, 0x00000000a5a80000, 0x00000000e0000000)
  object space 92672K, 49% used [0x00000000a0000000,0x00000000a2d03b10,0x00000000a5a80000)
 Metaspace       used 66835K, capacity 68596K, committed 68864K, reserved 1110016K
  class space    used 8446K, capacity 8847K, committed 8960K, reserved 1048576K
Event: 81.475 GC heap after
Heap after GC invocations=27 (full 3):
 PSYoungGen      total 318464K, used 40947K [0x00000000e0000000, 0x00000000f8800000, 0x0000000100000000)
  eden space 277504K, 0% used [0x00000000e0000000,0x00000000e0000000,0x00000000f0f00000)
  from space 40960K, 99% used [0x00000000f4500000,0x00000000f6cfcc00,0x00000000f6d00000)
  to   space 55296K, 0% used [0x00000000f0f00000,0x00000000f0f00000,0x00000000f4500000)
 ParOldGen       total 92672K, used 68606K [0x00000000a0000000, 0x00000000a5a80000, 0x00000000e0000000)
  object space 92672K, 74% used [0x00000000a0000000,0x00000000a42ff8a0,0x00000000a5a80000)
 Metaspace       used 66835K, capacity 68596K, committed 68864K, reserved 1110016K
  class space    used 8446K, capacity 8847K, committed 8960K, reserved 1048576K
}
Event: 83.015 GC heap before
{Heap before GC invocations=28 (full 3):
 PSYoungGen      total 318464K, used 318451K [0x00000000e0000000, 0x00000000f8800000, 0x0000000100000000)
  eden space 277504K, 100% used [0x00000000e0000000,0x00000000f0f00000,0x00000000f0f00000)
  from space 40960K, 99% used [0x00000000f4500000,0x00000000f6cfcc00,0x00000000f6d00000)
  to   space 55296K, 0% used [0x00000000f0f00000,0x00000000f0f00000,0x00000000f4500000)
 ParOldGen       total 92672K, used 68606K [0x00000000a0000000, 0x00000000a5a80000, 0x00000000e0000000)
  object space 92672K, 74% used [0x00000000a0000000,0x00000000a42ff8a0,0x00000000a5a80000)
 Metaspace       used 66911K, capacity 68596K, committed 68864K, reserved 1110016K
  class space    used 8447K, capacity 8847K, committed 8960K, reserved 1048576K
Event: 83.173 GC heap after
Heap after GC invocations=28 (full 3):
 PSYoungGen      total 332800K, used 55274K [0x00000000e0000000, 0x00000000feb00000, 0x0000000100000000)
  eden space 277504K, 0% used [0x00000000e0000000,0x00000000e0000000,0x00000000f0f00000)
  from space 55296K, 99% used [0x00000000f0f00000,0x00000000f44fabc0,0x00000000f4500000)
  to   space 74752K, 0% used [0x00000000fa200000,0x00000000fa200000,0x00000000feb00000)
 ParOldGen       total 96768K, used 96510K [0x00000000a0000000, 0x00000000a5e80000, 0x00000000e0000000)
  object space 96768K, 99% used [0x00000000a0000000,0x00000000a5e3fba8,0x00000000a5e80000)
 Metaspace       used 66911K, capacity 68596K, committed 68864K, reserved 1110016K
  class space    used 8447K, capacity 8847K, committed 8960K, reserved 1048576K
}
Event: 83.234 GC heap before
{Heap before GC invocations=29 (full 4):
 PSYoungGen      total 332800K, used 55274K [0x00000000e0000000, 0x00000000feb00000, 0x0000000100000000)
  eden space 277504K, 0% used [0x00000000e0000000,0x00000000e0000000,0x00000000f0f00000)
  from space 55296K, 99% used [0x00000000f0f00000,0x00000000f44fabc0,0x00000000f4500000)
  to   space 74752K, 0% used [0x00000000fa200000,0x00000000fa200000,0x00000000feb00000)
 ParOldGen       total 96768K, used 96510K [0x00000000a0000000, 0x00000000a5e80000, 0x00000000e0000000)
  object space 96768K, 99% used [0x00000000a0000000,0x00000000a5e3fba8,0x00000000a5e80000)
 Metaspace       used 66911K, capacity 68596K, committed 68864K, reserved 1110016K
  class space    used 8447K, capacity 8847K, committed 8960K, reserved 1048576K
Event: 84.202 GC heap after
Heap after GC invocations=29 (full 4):
 PSYoungGen      total 332800K, used 25997K [0x00000000e0000000, 0x00000000feb00000, 0x0000000100000000)
  eden space 277504K, 0% used [0x00000000e0000000,0x00000000e0000000,0x00000000f0f00000)
  from space 55296K, 47% used [0x00000000f0f00000,0x00000000f28635b0,0x00000000f4500000)
  to   space 74752K, 0% used [0x00000000fa200000,0x00000000fa200000,0x00000000feb00000)
 ParOldGen       total 96768K, used 96320K [0x00000000a0000000, 0x00000000a5e80000, 0x00000000e0000000)
  object space 96768K, 99% used [0x00000000a0000000,0x00000000a5e103f8,0x00000000a5e80000)
 Metaspace       used 66911K, capacity 68596K, committed 68864K, reserved 1110016K
  class space    used 8447K, capacity 8847K, committed 8960K, reserved 1048576K
}
Event: 85.390 GC heap before
{Heap before GC invocations=30 (full 5):
 PSYoungGen      total 332800K, used 303501K [0x00000000e0000000, 0x00000000feb00000, 0x0000000100000000)
  eden space 277504K, 100% used [0x00000000e0000000,0x00000000f0f00000,0x00000000f0f00000)
  from space 55296K, 47% used [0x00000000f0f00000,0x00000000f28635b0,0x00000000f4500000)
  to   space 74752K, 0% used [0x00000000fa200000,0x00000000fa200000,0x00000000feb00000)
 ParOldGen       total 96768K, used 96320K [0x00000000a0000000, 0x00000000a5e80000, 0x00000000e0000000)
  object space 96768K, 99% used [0x00000000a0000000,0x00000000a5e103f8,0x00000000a5e80000)
 Metaspace       used 66952K, capacity 68660K, committed 68864K, reserved 1110016K
  class space    used 8449K, capacity 8847K, committed 8960K, reserved 1048576K
Event: 86.183 GC heap after
Heap after GC invocations=30 (full 5):
 PSYoungGen      total 332800K, used 56564K [0x00000000e0000000, 0x00000000feb00000, 0x0000000100000000)
  eden space 277504K, 20% used [0x00000000e0000000,0x00000000e373d0d8,0x00000000f0f00000)
  from space 55296K, 0% used [0x00000000f0f00000,0x00000000f0f00000,0x00000000f4500000)
  to   space 74752K, 0% used [0x00000000fa200000,0x00000000fa200000,0x00000000feb00000)
 ParOldGen       total 182784K, used 96592K [0x00000000a0000000, 0x00000000ab280000, 0x00000000e0000000)
  object space 182784K, 52% used [0x00000000a0000000,0x00000000a5e541b8,0x00000000ab280000)
 Metaspace       used 66952K, capacity 68660K, committed 68864K, reserved 1110016K
  class space    used 8449K, capacity 8847K, committed 8960K, reserved 1048576K
}

Deoptimization events (10 events):
Event: 81.324 Thread 0x000000001edb1000 Uncommon trap: reason=unstable_if action=reinterpret pc=0x00000000044475e8 method=com.android.dx.dex.code.OutputFinisher.hasLocalInfo(Lcom/android/dx/dex/code/DalvInsn;)Z @ 24
Event: 81.792 Thread 0x000000001977c000 Uncommon trap: reason=bimorphic action=maybe_recompile pc=0x0000000004dd26e8 method=com.android.dx.ssa.LiteralOpUpgrader.tryReplacingWithConstant(Lcom/android/dx/ssa/NormalSsaInsn;)Z @ 62
Event: 81.801 Thread 0x000000001977c000 Uncommon trap: reason=bimorphic action=maybe_recompile pc=0x0000000004dd26e8 method=com.android.dx.ssa.LiteralOpUpgrader.tryReplacingWithConstant(Lcom/android/dx/ssa/NormalSsaInsn;)Z @ 62
Event: 82.185 Thread 0x0000000019786800 Uncommon trap: reason=unstable_if action=reinterpret pc=0x0000000004ea3a74 method=java.util.concurrent.ConcurrentHashMap.putVal(Ljava/lang/Object;Ljava/lang/Object;Z)Ljava/lang/Object; @ 331
Event: 82.304 Thread 0x0000000019786800 Uncommon trap: reason=unstable_if action=reinterpret pc=0x0000000003138aec method=java.util.HashMap.getNode(ILjava/lang/Object;)Ljava/util/HashMap$Node; @ 84
Event: 84.244 Thread 0x000000001eda9000 Uncommon trap: reason=unstable_if action=reinterpret pc=0x0000000004f44fa0 method=com.android.dx.cf.code.Ropper.processBlock(Lcom/android/dx/cf/code/ByteBlock;Lcom/android/dx/cf/code/Frame;[I)V @ 651
Event: 84.245 Thread 0x000000001eda9000 Uncommon trap: reason=unstable_if action=reinterpret pc=0x0000000004bcf8bc method=com.android.dx.util.IntList.binarysearch(I)I @ 105
Event: 85.115 Thread 0x000000001977a000 Uncommon trap: reason=unstable_if action=reinterpret pc=0x0000000004e874fc method=com.android.dx.dex.code.OutputFinisher.addConstants(Ljava/util/HashSet;Lcom/android/dx/rop/code/RegisterSpec;)V @ 57
Event: 85.257 Thread 0x000000001977f000 Uncommon trap: reason=unstable_if action=reinterpret pc=0x0000000004edd6ec method=com.android.dx.dex.code.OutputFinisher.findOpcodeForInsn(Lcom/android/dx/dex/code/DalvInsn;Lcom/android/dx/dex/code/Dop;)Lcom/android/dx/dex/code/Dop; @ 1
Event: 86.228 Thread 0x000000001977a000 Uncommon trap: reason=array_check action=maybe_recompile pc=0x00000000050510d8 method=java.util.ComparableTimSort.binarySort([Ljava/lang/Object;III)V @ 193

Internal exceptions (10 events):
Event: 55.896 Thread 0x000000001b46e800 Exception <a 'java/lang/ClassNotFoundException': sun/dc/DuctusRenderingEngine> (0x00000000e4d78120) thrown at [C:\src\android\AOSP-openjdk\external\jetbrains\jdk\hotspot\src\share\vm\classfile\systemDictionary.cpp, line 210]
Event: 55.920 Thread 0x0000000018fef800 Implicit null exception at 0x0000000003584097 to 0x0000000003584401
Event: 55.963 Thread 0x000000001b46e800 Exception <a 'java/io/FileNotFoundException'> (0x00000000e4d97a58) thrown at [C:\src\android\AOSP-openjdk\external\jetbrains\jdk\hotspot\src\share\vm\prims\jni.cpp, line 709]
Event: 60.441 Thread 0x0000000018fef800 Implicit null exception at 0x0000000003fe4dfd to 0x0000000003fe3c11
Event: 60.442 Thread 0x0000000018fef800 Implicit null exception at 0x0000000003fe4dfd to 0x0000000003fe3c11
Event: 60.457 Thread 0x0000000018fef800 Implicit null exception at 0x0000000003fe4dfd to 0x0000000003fe3c11
Event: 66.889 Thread 0x0000000018fef800 Implicit null exception at 0x0000000002e6ac44 to 0x0000000002e6c9b9
Event: 73.765 Thread 0x0000000018fef800 Exception <a 'java/lang/NoSuchMethodError': <clinit>> (0x00000000e5edf088) thrown at [C:\src\android\AOSP-openjdk\external\jetbrains\jdk\hotspot\src\share\vm\prims\jni.cpp, line 1591]
Event: 75.051 Thread 0x0000000018fef800 Exception <a 'java/io/FileNotFoundException'> (0x00000000e1ae2f80) thrown at [C:\src\android\AOSP-openjdk\external\jetbrains\jdk\hotspot\src\share\vm\prims\jni.cpp, line 709]
Event: 79.279 Thread 0x000000001977c000 Implicit null exception at 0x00000000044b2709 to 0x00000000044b3335

Events (10 events):
Event: 86.268 Thread 0x0000000016284800 flushing nmethod 0x0000000003e6f150
Event: 86.269 Executing VM operation: RevokeBias
Event: 86.273 Executing VM operation: RevokeBias done
Event: 86.274 Thread 0x000000001edb1000 Thread exited: 0x000000001edb1000
Event: 86.281 Thread 0x000000001edb7000 DEOPT PACKING pc=0x0000000004c23052 sp=0x000000002a1fe480
Event: 86.281 Thread 0x000000001edb7000 DEOPT UNPACKING pc=0x00000000029575bf sp=0x000000002a1fe2c0 mode 0
Event: 86.297 Thread 0x000000001edaf800 Thread exited: 0x000000001edaf800
Event: 86.300 Thread 0x000000001edb7000 DEOPT PACKING pc=0x0000000004c0fcd1 sp=0x000000002a1fe780
Event: 86.300 Thread 0x000000001edb7000 DEOPT UNPACKING pc=0x00000000029575bf sp=0x000000002a1fe4e0 mode 0
Event: 86.313 Executing VM operation: BulkRevokeBias


Dynamic libraries:
0x00007ff752cb0000 - 0x00007ff752ce1000 	C:\Program Files\Android\Android Studio\jre\bin\java.exe
0x00007ffbe7980000 - 0x00007ffbe7b51000 	C:\WINDOWS\SYSTEM32\ntdll.dll
0x00007ffbe67c0000 - 0x00007ffbe686b000 	C:\WINDOWS\System32\KERNEL32.DLL
0x00007ffbe4200000 - 0x00007ffbe441d000 	C:\WINDOWS\System32\KERNELBASE.dll
0x00007ffbe7260000 - 0x00007ffbe7302000 	C:\WINDOWS\System32\ADVAPI32.dll
0x00007ffbe7700000 - 0x00007ffbe779e000 	C:\WINDOWS\System32\msvcrt.dll
0x00007ffbe6a20000 - 0x00007ffbe6a79000 	C:\WINDOWS\System32\sechost.dll
0x00007ffbe7130000 - 0x00007ffbe7251000 	C:\WINDOWS\System32\RPCRT4.dll
0x00007ffbe68b0000 - 0x00007ffbe6a15000 	C:\WINDOWS\System32\USER32.dll
0x00007ffbe4e40000 - 0x00007ffbe4e5e000 	C:\WINDOWS\System32\win32u.dll
0x00007ffbe6870000 - 0x00007ffbe68a4000 	C:\WINDOWS\System32\GDI32.dll
0x00007ffbe3fd0000 - 0x00007ffbe4152000 	C:\WINDOWS\System32\gdi32full.dll
0x00007ffbd8f10000 - 0x00007ffbd918a000 	C:\WINDOWS\WinSxS\amd64_microsoft.windows.common-controls_6595b64144ccf1df_6.0.14393.953_none_42151e83c686086b\COMCTL32.dll
0x00007ffbe7370000 - 0x00007ffbe7638000 	C:\WINDOWS\System32\combase.dll
0x00007ffbe4d40000 - 0x00007ffbe4e35000 	C:\WINDOWS\System32\ucrtbase.dll
0x00007ffbe4cd0000 - 0x00007ffbe4d3a000 	C:\WINDOWS\System32\bcryptPrimitives.dll
0x00007ffbe6a90000 - 0x00007ffbe6abe000 	C:\WINDOWS\System32\IMM32.DLL
0x000000006e4b0000 - 0x000000006e582000 	C:\Program Files\Android\Android Studio\jre\jre\bin\msvcr100.dll
0x000000006e5b0000 - 0x000000006ede4000 	C:\Program Files\Android\Android Studio\jre\jre\bin\server\jvm.dll
0x00007ffbe6a80000 - 0x00007ffbe6a88000 	C:\WINDOWS\System32\PSAPI.DLL
0x00007ffbe2260000 - 0x00007ffbe2283000 	C:\WINDOWS\SYSTEM32\WINMM.dll
0x00007ffbd0c30000 - 0x00007ffbd0c39000 	C:\WINDOWS\SYSTEM32\WSOCK32.dll
0x00007ffbdc570000 - 0x00007ffbdc57a000 	C:\WINDOWS\SYSTEM32\VERSION.dll
0x00007ffbe6c20000 - 0x00007ffbe6c8a000 	C:\WINDOWS\System32\WS2_32.dll
0x0000000000b50000 - 0x0000000000b7b000 	C:\WINDOWS\SYSTEM32\WINMMBASE.dll
0x00007ffbe4e60000 - 0x00007ffbe4ea2000 	C:\WINDOWS\System32\cfgmgr32.dll
0x00007ffbde870000 - 0x00007ffbde87f000 	C:\Program Files\Android\Android Studio\jre\jre\bin\verify.dll
0x00007ffbd3770000 - 0x00007ffbd3799000 	C:\Program Files\Android\Android Studio\jre\jre\bin\java.dll
0x00007ffbdd8d0000 - 0x00007ffbdd8e6000 	C:\Program Files\Android\Android Studio\jre\jre\bin\zip.dll
0x00007ffbe5050000 - 0x00007ffbe6559000 	C:\WINDOWS\System32\SHELL32.dll
0x00007ffbe4420000 - 0x00007ffbe4afa000 	C:\WINDOWS\System32\windows.storage.dll
0x00007ffbe3e10000 - 0x00007ffbe3e5c000 	C:\WINDOWS\System32\powrprof.dll
0x00007ffbe6760000 - 0x00007ffbe67b2000 	C:\WINDOWS\System32\shlwapi.dll
0x00007ffbe3de0000 - 0x00007ffbe3def000 	C:\WINDOWS\System32\kernel.appcore.dll
0x00007ffbe3e70000 - 0x00007ffbe3f19000 	C:\WINDOWS\System32\shcore.dll
0x00007ffbe3df0000 - 0x00007ffbe3e04000 	C:\WINDOWS\System32\profapi.dll
0x00007ffbd6720000 - 0x00007ffbd673a000 	C:\Program Files\Android\Android Studio\jre\jre\bin\net.dll
0x00007ffbe36b0000 - 0x00007ffbe370c000 	C:\WINDOWS\system32\mswsock.dll
0x00007ffbd5f40000 - 0x00007ffbd5f51000 	C:\Program Files\Android\Android Studio\jre\jre\bin\nio.dll
0x00007ffbd0cc0000 - 0x00007ffbd0cd2000 	C:\Users\Artem\.gradle\native\19\windows-amd64\native-platform.dll
0x00007ffbe38b0000 - 0x00007ffbe38c7000 	C:\WINDOWS\SYSTEM32\CRYPTSP.dll
0x00007ffbe32b0000 - 0x00007ffbe32e3000 	C:\WINDOWS\system32\rsaenh.dll
0x00007ffbe3d20000 - 0x00007ffbe3d4b000 	C:\WINDOWS\SYSTEM32\bcrypt.dll
0x00007ffbe3530000 - 0x00007ffbe354f000 	C:\WINDOWS\SYSTEM32\USERENV.dll
0x00007ffbe38d0000 - 0x00007ffbe38db000 	C:\WINDOWS\SYSTEM32\CRYPTBASE.dll
0x00007ffbe3430000 - 0x00007ffbe3468000 	C:\WINDOWS\SYSTEM32\IPHLPAPI.DLL
0x00007ffbe7870000 - 0x00007ffbe7878000 	C:\WINDOWS\System32\NSI.dll
0x00007ffbdd930000 - 0x00007ffbdd946000 	C:\WINDOWS\SYSTEM32\dhcpcsvc6.DLL
0x00007ffbddb10000 - 0x00007ffbddb2a000 	C:\WINDOWS\SYSTEM32\dhcpcsvc.DLL
0x00007ffbde5c0000 - 0x00007ffbde5cd000 	C:\Program Files\Android\Android Studio\jre\jre\bin\management.dll
0x00007ffbb8e70000 - 0x00007ffbb9003000 	C:\Program Files\Android\Android Studio\jre\jre\bin\awt.dll
0x00007ffbe7640000 - 0x00007ffbe76ff000 	C:\WINDOWS\System32\OLEAUT32.dll
0x00007ffbe4160000 - 0x00007ffbe41fc000 	C:\WINDOWS\System32\msvcp_win.dll
0x00007ffbe2380000 - 0x00007ffbe23fa000 	C:\WINDOWS\SYSTEM32\apphelp.dll
0x00007ffbe2060000 - 0x00007ffbe2086000 	C:\WINDOWS\system32\DWMAPI.DLL
0x00007ffbe2560000 - 0x00007ffbe25f5000 	C:\WINDOWS\system32\uxtheme.dll

VM Arguments:
jvm_args: -Xmx1536m -Dfile.encoding=windows-1251 -Duser.country=RU -Duser.language=ru -Duser.variant 
java_command: org.gradle.launcher.daemon.bootstrap.GradleDaemon 2.14.1
java_class_path (initial): C:\Program Files\Android\Android Studio\gradle\gradle-2.14.1\lib\gradle-launcher-2.14.1.jar
Launcher Type: SUN_STANDARD

Environment Variables:
PATH=C:\ProgramData\Oracle\Java\javapath;C:\WINDOWS\system32;C:\WINDOWS;C:\WINDOWS\System32\Wbem;C:\WINDOWS\System32\WindowsPowerShell\v1.0\;D:\cmake\bin;C:\Program Files (x86)\GtkSharp\2.12\bin;C:\Program Files (x86)\NVIDIA Corporation\PhysX\Common;C:\Program Files\Git\cmd;C:\Program Files (x86)\Skype\Phone\;C:\Users\Artem\AppData\Local\Microsoft\WindowsApps;
USERNAME=Artem
OS=Windows_NT
PROCESSOR_IDENTIFIER=Intel64 Family 6 Model 61 Stepping 4, GenuineIntel



---------------  S Y S T E M  ---------------

OS: Windows 10.0 , 64 bit Build 14393 (10.0.14393.0)

CPU:total 4 (2 cores per cpu, 2 threads per core) family 6 model 61 stepping 4, cmov, cx8, fxsr, mmx, sse, sse2, sse3, ssse3, sse4.1, sse4.2, popcnt, avx, avx2, aes, clmul, erms, 3dnowpref, lzcnt, ht, tsc, tscinvbit, bmi1, bmi2, adx

Memory: 4k page, physical 4102636k(302640k free), swap 6320940k(3664k free)

vm_info: OpenJDK 64-Bit Server VM (25.76-b03) for windows-amd64 JRE (1.8.0_76-release-b03), built on Jun 29 2016 19:09:20 by "ralucas" with MS VC++ 10.0 (VS2010)

time: Sun Apr 02 02:23:54 2017
elapsed time: 86 seconds (0d 0h 1m 26s)

