#
# There is insufficient memory for the Java Runtime Environment to continue.
# Native memory allocation (malloc) failed to allocate 1087856 bytes for Chunk::new
# Possible reasons:
#   The system is out of physical RAM or swap space
#   In 32 bit mode, the process size limit was hit
# Possible solutions:
#   Reduce memory load on the system
#   Increase physical memory or swap space
#   Check if swap backing store is full
#   Use 64 bit Java on a 64 bit OS
#   Decrease Java heap size (-Xmx/-Xms)
#   Decrease number of Java threads
#   Decrease Java thread stack sizes (-Xss)
#   Set larger code cache with -XX:ReservedCodeCacheSize=
# This output file may be truncated or incomplete.
#
#  Out of Memory Error (allocation.cpp:390), pid=4008, tid=0x00000000000009fc
#
# JRE version: OpenJDK Runtime Environment (8.0_76-b03) (build 1.8.0_76-release-b03)
# Java VM: OpenJDK 64-Bit Server VM (25.76-b03 mixed mode windows-amd64 compressed oops)
# Failed to write core dump. Minidumps are not enabled by default on client versions of Windows
#

---------------  T H R E A D  ---------------

Current thread (0x0000000016330800):  JavaThread "C2 CompilerThread0" daemon [_thread_in_native, id=2556, stack(0x0000000017980000,0x0000000017a80000)]

Stack: [0x0000000017980000,0x0000000017a80000]
[error occurred during error reporting (printing stack bounds), id 0xc0000005]

Native frames: (J=compiled Java code, j=interpreted, Vv=VM code, C=native code)


Current CompileTask:
C2: 442511 16745       4       com.android.dx.ssa.ConstCollector::getConstsSortedByCountUse (337 bytes)


---------------  P R O C E S S  ---------------

Java Threads: ( => current thread )
  0x0000000020e56000 JavaThread "pool-33-thread-3" [_thread_in_Java, id=10172, stack(0x000000002cbe0000,0x000000002cce0000)]
  0x0000000020e53800 JavaThread "pool-34-thread-1" [_thread_blocked, id=9692, stack(0x000000002c9e0000,0x000000002cae0000)]
  0x0000000019748000 JavaThread "pool-16-thread-4" [_thread_blocked, id=11228, stack(0x000000002a3e0000,0x000000002a4e0000)]
  0x000000001974f000 JavaThread "pool-16-thread-3" [_thread_in_native, id=9848, stack(0x000000002a2e0000,0x000000002a3e0000)]
  0x000000001974b000 JavaThread "pool-16-thread-2" [_thread_in_vm, id=9584, stack(0x000000002a1e0000,0x000000002a2e0000)]
  0x0000000019749800 JavaThread "pool-16-thread-1" [_thread_in_Java, id=10192, stack(0x000000002a0e0000,0x000000002a1e0000)]
  0x0000000019749000 JavaThread "pool-10-thread-4" [_thread_blocked, id=5240, stack(0x00000000291e0000,0x00000000292e0000)]
  0x000000001974c800 JavaThread "pool-10-thread-3" [_thread_blocked, id=7520, stack(0x00000000290e0000,0x00000000291e0000)]
  0x000000001974e000 JavaThread "pool-10-thread-2" [_thread_blocked, id=10552, stack(0x0000000028fe0000,0x00000000290e0000)]
  0x000000001fbf4000 JavaThread "pool-10-thread-1" [_thread_blocked, id=6120, stack(0x0000000028ee0000,0x0000000028fe0000)]
  0x000000001de65800 JavaThread "Asynchronous log dispatcher for org.gradle.launcher.daemon.server.DefaultDaemonConnection@39c66429" [_thread_blocked, id=11716, stack(0x0000000028ce0000,0x0000000028de0000)]
  0x000000001bd6a800 JavaThread "Daemon worker Thread 3" [_thread_blocked, id=296, stack(0x0000000028be0000,0x0000000028ce0000)]
  0x000000001bd69800 JavaThread "Cancel handler" [_thread_blocked, id=3924, stack(0x0000000028ae0000,0x0000000028be0000)]
  0x000000001bd69000 JavaThread "Handler for socket connection from /127.0.0.1:64764 to /127.0.0.1:65159" [_thread_in_native, id=8132, stack(0x00000000289e0000,0x0000000028ae0000)]
  0x000000001bd6b000 JavaThread "Daemon Thread 3" [_thread_blocked, id=8652, stack(0x00000000288e0000,0x00000000289e0000)]
  0x000000001fbfe800 JavaThread "stderr" daemon [_thread_in_native, id=8256, stack(0x00000000265e0000,0x00000000266e0000)]
  0x000000001fbfe000 JavaThread "stdout" daemon [_thread_in_native, id=9180, stack(0x00000000264e0000,0x00000000265e0000)]
  0x000000001fbfc800 JavaThread "stderr" daemon [_thread_in_native, id=4844, stack(0x00000000263e0000,0x00000000264e0000)]
  0x000000001fc00000 JavaThread "stdout" daemon [_thread_in_native, id=4216, stack(0x00000000262e0000,0x00000000263e0000)]
  0x000000001fbfb800 JavaThread "stderr" daemon [_thread_in_native, id=4812, stack(0x00000000261e0000,0x00000000262e0000)]
  0x000000001fbfd000 JavaThread "stdout" daemon [_thread_in_native, id=9728, stack(0x00000000260e0000,0x00000000261e0000)]
  0x000000001fbff800 JavaThread "stderr" daemon [_thread_in_native, id=896, stack(0x0000000025fe0000,0x00000000260e0000)]
  0x000000001fbfb000 JavaThread "stdout" daemon [_thread_in_native, id=2544, stack(0x0000000025de0000,0x0000000025ee0000)]
  0x000000001fbf3800 JavaThread "stderr" daemon [_thread_in_native, id=4816, stack(0x0000000025ce0000,0x0000000025de0000)]
  0x000000001fbf8000 JavaThread "stdout" daemon [_thread_in_native, id=3420, stack(0x0000000025be0000,0x0000000025ce0000)]
  0x000000001fbfa000 JavaThread "stderr" daemon [_thread_in_native, id=4640, stack(0x0000000025ae0000,0x0000000025be0000)]
  0x000000001fbf5000 JavaThread "stdout" daemon [_thread_in_native, id=5092, stack(0x00000000259e0000,0x0000000025ae0000)]
  0x000000001fbf9800 JavaThread "stderr" daemon [_thread_in_native, id=9916, stack(0x00000000258e0000,0x00000000259e0000)]
  0x000000001fbf7000 JavaThread "stdout" daemon [_thread_in_native, id=5208, stack(0x00000000257e0000,0x00000000258e0000)]
  0x000000001fbf8800 JavaThread "stderr" daemon [_thread_in_native, id=10952, stack(0x00000000256e0000,0x00000000257e0000)]
  0x000000001fbf2800 JavaThread "stdout" daemon [_thread_in_native, id=7444, stack(0x00000000255e0000,0x00000000256e0000)]
  0x000000001fbf6800 JavaThread "stderr" daemon [_thread_in_native, id=11440, stack(0x00000000254e0000,0x00000000255e0000)]
  0x000000001fbf2000 JavaThread "stdout" daemon [_thread_in_native, id=9144, stack(0x00000000253e0000,0x00000000254e0000)]
  0x000000001fbf5800 JavaThread "stderr" daemon [_thread_in_native, id=1668, stack(0x00000000252e0000,0x00000000253e0000)]
  0x000000001fbf1000 JavaThread "stdout" daemon [_thread_in_native, id=9116, stack(0x00000000251e0000,0x00000000252e0000)]
  0x000000001de72800 JavaThread "stderr" daemon [_thread_in_native, id=5584, stack(0x00000000250e0000,0x00000000251e0000)]
  0x000000001de71800 JavaThread "stdout" daemon [_thread_in_native, id=6948, stack(0x0000000024fe0000,0x00000000250e0000)]
  0x000000001de70000 JavaThread "stderr" daemon [_thread_in_native, id=7144, stack(0x0000000024ee0000,0x0000000024fe0000)]
  0x000000001de6f000 JavaThread "stdout" daemon [_thread_in_native, id=8336, stack(0x0000000024de0000,0x0000000024ee0000)]
  0x000000001de6e800 JavaThread "stderr" daemon [_thread_in_native, id=10612, stack(0x0000000024ce0000,0x0000000024de0000)]
  0x000000001de6d800 JavaThread "png-cruncher_20" daemon [_thread_blocked, id=10820, stack(0x0000000024be0000,0x0000000024ce0000)]
  0x000000001de71000 JavaThread "png-cruncher_19" daemon [_thread_blocked, id=8612, stack(0x0000000024ae0000,0x0000000024be0000)]
  0x000000001de67800 JavaThread "png-cruncher_18" daemon [_thread_blocked, id=4868, stack(0x00000000249e0000,0x0000000024ae0000)]
  0x000000001de68800 JavaThread "png-cruncher_17" daemon [_thread_blocked, id=10340, stack(0x00000000248e0000,0x00000000249e0000)]
  0x000000001de67000 JavaThread "png-cruncher_16" daemon [_thread_blocked, id=5164, stack(0x00000000247e0000,0x00000000248e0000)]
  0x000000001de6d000 JavaThread "stdout" daemon [_thread_in_native, id=6148, stack(0x00000000246e0000,0x00000000247e0000)]
  0x000000001de6c000 JavaThread "stderr" daemon [_thread_in_native, id=168, stack(0x00000000245e0000,0x00000000246e0000)]
  0x000000001de66000 JavaThread "stdout" daemon [_thread_in_native, id=11260, stack(0x00000000244e0000,0x00000000245e0000)]
  0x000000001de64800 JavaThread "stderr" daemon [_thread_in_native, id=3668, stack(0x00000000243e0000,0x00000000244e0000)]
  0x000000001de6b800 JavaThread "stdout" daemon [_thread_in_native, id=5312, stack(0x00000000242e0000,0x00000000243e0000)]
  0x000000001de6a800 JavaThread "stderr" daemon [_thread_in_native, id=200, stack(0x00000000241e0000,0x00000000242e0000)]
  0x000000001de64000 JavaThread "stdout" daemon [_thread_in_native, id=4716, stack(0x00000000240e0000,0x00000000241e0000)]
  0x000000001de6a000 JavaThread "stderr" daemon [_thread_in_native, id=11432, stack(0x0000000023fe0000,0x00000000240e0000)]
  0x000000001de69000 JavaThread "stdout" daemon [_thread_in_native, id=11292, stack(0x0000000023ee0000,0x0000000023fe0000)]
  0x000000001de63000 JavaThread "stderr" daemon [_thread_in_native, id=9856, stack(0x0000000023de0000,0x0000000023ee0000)]
  0x000000001f240800 JavaThread "stdout" daemon [_thread_in_native, id=8592, stack(0x0000000023ae0000,0x0000000023be0000)]
  0x000000001f23f800 JavaThread "stderr" daemon [_thread_in_native, id=2504, stack(0x00000000239e0000,0x0000000023ae0000)]
  0x000000001f244000 JavaThread "png-cruncher_15" daemon [_thread_blocked, id=6868, stack(0x00000000238e0000,0x00000000239e0000)]
  0x000000001f23f000 JavaThread "png-cruncher_14" daemon [_thread_blocked, id=10864, stack(0x00000000237e0000,0x00000000238e0000)]
  0x000000001f242800 JavaThread "png-cruncher_13" daemon [_thread_blocked, id=5388, stack(0x00000000236e0000,0x00000000237e0000)]
  0x000000001f23e000 JavaThread "png-cruncher_12" daemon [_thread_blocked, id=1748, stack(0x00000000235e0000,0x00000000236e0000)]
  0x000000001f243800 JavaThread "png-cruncher_11" daemon [_thread_blocked, id=8804, stack(0x00000000234e0000,0x00000000235e0000)]
  0x000000001f23c800 JavaThread "png-cruncher_10" daemon [_thread_blocked, id=7316, stack(0x00000000233e0000,0x00000000234e0000)]
  0x000000001f242000 JavaThread "png-cruncher_9" daemon [_thread_blocked, id=1548, stack(0x00000000232e0000,0x00000000233e0000)]
  0x000000001f23d800 JavaThread "png-cruncher_8" daemon [_thread_blocked, id=4932, stack(0x00000000231e0000,0x00000000232e0000)]
  0x000000001f235000 JavaThread "png-cruncher_7" daemon [_thread_blocked, id=9036, stack(0x00000000230e0000,0x00000000231e0000)]
  0x000000001f23c000 JavaThread "png-cruncher_6" daemon [_thread_blocked, id=752, stack(0x0000000022fe0000,0x00000000230e0000)]
  0x000000001f236800 JavaThread "png-cruncher_5" daemon [_thread_blocked, id=11152, stack(0x0000000022ee0000,0x0000000022fe0000)]
  0x000000001f23b000 JavaThread "png-cruncher_4" daemon [_thread_blocked, id=3484, stack(0x0000000022de0000,0x0000000022ee0000)]
  0x000000001f239000 JavaThread "png-cruncher_3" daemon [_thread_blocked, id=9236, stack(0x0000000022ce0000,0x0000000022de0000)]
  0x000000001f237800 JavaThread "png-cruncher_2" daemon [_thread_blocked, id=9808, stack(0x0000000022be0000,0x0000000022ce0000)]
  0x000000001f236000 JavaThread "png-cruncher_1" daemon [_thread_blocked, id=4804, stack(0x0000000022ae0000,0x0000000022be0000)]
  0x000000001f239800 JavaThread "Java2D Disposer" daemon [_thread_blocked, id=4224, stack(0x00000000227e0000,0x00000000228e0000)]
  0x000000001bd6f000 JavaThread "File lock request listener" [_thread_in_native, id=7980, stack(0x000000001fe90000,0x000000001ff90000)]
  0x0000000018ff5800 JavaThread "pool-1-thread-1" [_thread_blocked, id=5308, stack(0x000000001a220000,0x000000001a320000)]
  0x0000000019063800 JavaThread "Incoming local TCP Connector on port 64764" [_thread_in_native, id=10928, stack(0x0000000019de0000,0x0000000019ee0000)]
  0x0000000017ca8800 JavaThread "Service Thread" daemon [_thread_blocked, id=12148, stack(0x0000000018080000,0x0000000018180000)]
  0x000000001633a000 JavaThread "C1 CompilerThread2" daemon [_thread_blocked, id=11232, stack(0x0000000017b80000,0x0000000017c80000)]
  0x0000000016332800 JavaThread "C2 CompilerThread1" daemon [_thread_in_native, id=10284, stack(0x0000000017a80000,0x0000000017b80000)]
=>0x0000000016330800 JavaThread "C2 CompilerThread0" daemon [_thread_in_native, id=2556, stack(0x0000000017980000,0x0000000017a80000)]
  0x000000001632f000 JavaThread "Attach Listener" daemon [_thread_blocked, id=760, stack(0x0000000017880000,0x0000000017980000)]
  0x000000001632d800 JavaThread "Signal Dispatcher" daemon [_thread_blocked, id=2436, stack(0x0000000017780000,0x0000000017880000)]
  0x0000000016318800 JavaThread "Finalizer" daemon [_thread_blocked, id=7196, stack(0x0000000017590000,0x0000000017690000)]
  0x00000000029b1000 JavaThread "Reference Handler" daemon [_thread_blocked, id=6424, stack(0x0000000017490000,0x0000000017590000)]
  0x00000000028c0800 JavaThread "main" [_thread_blocked, id=6164, stack(0x0000000002770000,0x0000000002870000)]

Other Threads:
  0x00000000162f5800 VMThread [stack: 0x0000000017390000,0x0000000017490000] [id=1220]
  0x0000000017ca9000 WatcherThread [stack: 0x0000000018180000,0x0000000018280000] [id=4908]

VM state:not at safepoint (normal execution)

VM Mutex/Monitor currently owned by a thread: None

Heap:
 PSYoungGen      total 310272K, used 58498K [0x00000000e0000000, 0x00000000f6c00000, 0x0000000100000000)
  eden space 254976K, 22% used [0x00000000e0000000,0x00000000e3920988,0x00000000ef900000)
  from space 55296K, 0% used [0x00000000ef900000,0x00000000ef900000,0x00000000f2f00000)
  to   space 47104K, 0% used [0x00000000f2f00000,0x00000000f2f00000,0x00000000f5d00000)
 ParOldGen       total 188928K, used 156173K [0x00000000a0000000, 0x00000000ab880000, 0x00000000e0000000)
  object space 188928K, 82% used [0x00000000a0000000,0x00000000a9883498,0x00000000ab880000)
 Metaspace       used 70124K, capacity 72056K, committed 72448K, reserved 1112064K
  class space    used 8657K, capacity 9083K, committed 9216K, reserved 1048576K

Card table byte_map: [0x0000000011d80000,0x0000000012090000] byte_map_base: 0x0000000011880000

Marking Bits: (ParMarkBitMap*) 0x000000006ed69d00
 Begin Bits: [0x0000000012690000, 0x0000000013e90000)
 End Bits:   [0x0000000013e90000, 0x0000000015690000)

Polling page: 0x0000000000b50000

CodeCache: size=245760Kb used=48221Kb max_used=48255Kb free=197538Kb
 bounds [0x00000000029c0000, 0x0000000005940000, 0x00000000119c0000]
 total_blobs=14322 nmethods=13471 adapters=762
 compilation: enabled

Compilation events (10 events):
Event: 442.087 Thread 0x000000001633a000 16782       1       com.android.dx.dex.code.LocalList$Entry::getType (5 bytes)
Event: 442.087 Thread 0x000000001633a000 nmethod 16782 0x00000000052c82d0 code [0x00000000052c8420, 0x00000000052c8530]
Event: 442.087 Thread 0x000000001633a000 16795       1       com.android.dx.dex.code.LocalList$Entry::getDisposition (5 bytes)
Event: 442.087 Thread 0x000000001633a000 nmethod 16795 0x00000000052de150 code [0x00000000052de2a0, 0x00000000052de3b0]
Event: 442.087 Thread 0x000000001633a000 16790       1       com.android.dx.dex.code.form.Form31t::codeSize (2 bytes)
Event: 442.087 Thread 0x000000001633a000 nmethod 16790 0x0000000005317510 code [0x0000000005317660, 0x0000000005317770]
Event: 442.115 Thread 0x000000001633a000 16804       2       com.android.dx.dex.code.SwitchData::codeSize (27 bytes)
Event: 442.115 Thread 0x000000001633a000 nmethod 16804 0x00000000052d2050 code [0x00000000052d21c0, 0x00000000052d2388]
Event: 442.117 Thread 0x000000001633a000 16805       1       com.android.dx.dex.code.form.Form31t::branchFits (2 bytes)
Event: 442.117 Thread 0x000000001633a000 nmethod 16805 0x0000000005337710 code [0x0000000005337860, 0x0000000005337970]

GC Heap History (10 events):
Event: 437.199 GC heap before
{Heap before GC invocations=36 (full 5):
 PSYoungGen      total 225280K, used 225250K [0x00000000e0000000, 0x00000000f0980000, 0x0000000100000000)
  eden space 204288K, 100% used [0x00000000e0000000,0x00000000ec780000,0x00000000ec780000)
  from space 20992K, 99% used [0x00000000ee480000,0x00000000ef8f8ab0,0x00000000ef900000)
  to   space 29696K, 0% used [0x00000000ec780000,0x00000000ec780000,0x00000000ee480000)
 ParOldGen       total 104448K, used 83213K [0x00000000a0000000, 0x00000000a6600000, 0x00000000e0000000)
  object space 104448K, 79% used [0x00000000a0000000,0x00000000a5143700,0x00000000a6600000)
 Metaspace       used 69979K, capacity 71960K, committed 72192K, reserved 1112064K
  class space    used 8659K, capacity 9091K, committed 9216K, reserved 1048576K
Event: 437.373 GC heap after
Heap after GC invocations=36 (full 5):
 PSYoungGen      total 233984K, used 29674K [0x00000000e0000000, 0x00000000f5d00000, 0x0000000100000000)
  eden space 204288K, 0% used [0x00000000e0000000,0x00000000e0000000,0x00000000ec780000)
  from space 29696K, 99% used [0x00000000ec780000,0x00000000ee47aa40,0x00000000ee480000)
  to   space 47104K, 0% used [0x00000000f2f00000,0x00000000f2f00000,0x00000000f5d00000)
 ParOldGen       total 118272K, used 118159K [0x00000000a0000000, 0x00000000a7380000, 0x00000000e0000000)
  object space 118272K, 99% used [0x00000000a0000000,0x00000000a7363c48,0x00000000a7380000)
 Metaspace       used 69979K, capacity 71960K, committed 72192K, reserved 1112064K
  class space    used 8659K, capacity 9091K, committed 9216K, reserved 1048576K
}
Event: 437.373 GC heap before
{Heap before GC invocations=37 (full 6):
 PSYoungGen      total 233984K, used 29674K [0x00000000e0000000, 0x00000000f5d00000, 0x0000000100000000)
  eden space 204288K, 0% used [0x00000000e0000000,0x00000000e0000000,0x00000000ec780000)
  from space 29696K, 99% used [0x00000000ec780000,0x00000000ee47aa40,0x00000000ee480000)
  to   space 47104K, 0% used [0x00000000f2f00000,0x00000000f2f00000,0x00000000f5d00000)
 ParOldGen       total 118272K, used 118159K [0x00000000a0000000, 0x00000000a7380000, 0x00000000e0000000)
  object space 118272K, 99% used [0x00000000a0000000,0x00000000a7363c48,0x00000000a7380000)
 Metaspace       used 69979K, capacity 71960K, committed 72192K, reserved 1112064K
  class space    used 8659K, capacity 9091K, committed 9216K, reserved 1048576K
Event: 438.991 GC heap after
Heap after GC invocations=37 (full 6):
 PSYoungGen      total 233984K, used 15238K [0x00000000e0000000, 0x00000000f5d00000, 0x0000000100000000)
  eden space 204288K, 0% used [0x00000000e0000000,0x00000000e0000000,0x00000000ec780000)
  from space 29696K, 51% used [0x00000000ec780000,0x00000000ed661ab0,0x00000000ee480000)
  to   space 47104K, 0% used [0x00000000f2f00000,0x00000000f2f00000,0x00000000f5d00000)
 ParOldGen       total 188928K, used 118146K [0x00000000a0000000, 0x00000000ab880000, 0x00000000e0000000)
  object space 188928K, 62% used [0x00000000a0000000,0x00000000a7360bf0,0x00000000ab880000)
 Metaspace       used 69967K, capacity 71928K, committed 72192K, reserved 1112064K
  class space    used 8655K, capacity 9083K, committed 9216K, reserved 1048576K
}
Event: 439.632 GC heap before
{Heap before GC invocations=38 (full 6):
 PSYoungGen      total 233984K, used 219526K [0x00000000e0000000, 0x00000000f5d00000, 0x0000000100000000)
  eden space 204288K, 100% used [0x00000000e0000000,0x00000000ec780000,0x00000000ec780000)
  from space 29696K, 51% used [0x00000000ec780000,0x00000000ed661ab0,0x00000000ee480000)
  to   space 47104K, 0% used [0x00000000f2f00000,0x00000000f2f00000,0x00000000f5d00000)
 ParOldGen       total 188928K, used 118146K [0x00000000a0000000, 0x00000000ab880000, 0x00000000e0000000)
  object space 188928K, 62% used [0x00000000a0000000,0x00000000a7360bf0,0x00000000ab880000)
 Metaspace       used 69984K, capacity 71928K, committed 72192K, reserved 1112064K
  class space    used 8655K, capacity 9083K, committed 9216K, reserved 1048576K
Event: 439.730 GC heap after
Heap after GC invocations=38 (full 6):
 PSYoungGen      total 302080K, used 46800K [0x00000000e0000000, 0x00000000f6c00000, 0x0000000100000000)
  eden space 254976K, 0% used [0x00000000e0000000,0x00000000e0000000,0x00000000ef900000)
  from space 47104K, 99% used [0x00000000f2f00000,0x00000000f5cb4158,0x00000000f5d00000)
  to   space 55296K, 0% used [0x00000000ef900000,0x00000000ef900000,0x00000000f2f00000)
 ParOldGen       total 188928K, used 131166K [0x00000000a0000000, 0x00000000ab880000, 0x00000000e0000000)
  object space 188928K, 69% used [0x00000000a0000000,0x00000000a80179d0,0x00000000ab880000)
 Metaspace       used 69984K, capacity 71928K, committed 72192K, reserved 1112064K
  class space    used 8655K, capacity 9083K, committed 9216K, reserved 1048576K
}
Event: 440.906 GC heap before
{Heap before GC invocations=39 (full 6):
 PSYoungGen      total 302080K, used 301776K [0x00000000e0000000, 0x00000000f6c00000, 0x0000000100000000)
  eden space 254976K, 100% used [0x00000000e0000000,0x00000000ef900000,0x00000000ef900000)
  from space 47104K, 99% used [0x00000000f2f00000,0x00000000f5cb4158,0x00000000f5d00000)
  to   space 55296K, 0% used [0x00000000ef900000,0x00000000ef900000,0x00000000f2f00000)
 ParOldGen       total 188928K, used 131166K [0x00000000a0000000, 0x00000000ab880000, 0x00000000e0000000)
  object space 188928K, 69% used [0x00000000a0000000,0x00000000a80179d0,0x00000000ab880000)
 Metaspace       used 70055K, capacity 71992K, committed 72192K, reserved 1112064K
  class space    used 8657K, capacity 9083K, committed 9216K, reserved 1048576K
Event: 441.007 GC heap after
Heap after GC invocations=39 (full 6):
 PSYoungGen      total 310272K, used 37695K [0x00000000e0000000, 0x00000000f6c00000, 0x0000000100000000)
  eden space 254976K, 0% used [0x00000000e0000000,0x00000000e0000000,0x00000000ef900000)
  from space 55296K, 68% used [0x00000000ef900000,0x00000000f1dcfe90,0x00000000f2f00000)
  to   space 47104K, 0% used [0x00000000f2f00000,0x00000000f2f00000,0x00000000f5d00000)
 ParOldGen       total 188928K, used 163796K [0x00000000a0000000, 0x00000000ab880000, 0x00000000e0000000)
  object space 188928K, 86% used [0x00000000a0000000,0x00000000a9ff5218,0x00000000ab880000)
 Metaspace       used 70055K, capacity 71992K, committed 72192K, reserved 1112064K
  class space    used 8657K, capacity 9083K, committed 9216K, reserved 1048576K
}
Event: 441.007 GC heap before
{Heap before GC invocations=40 (full 7):
 PSYoungGen      total 310272K, used 37695K [0x00000000e0000000, 0x00000000f6c00000, 0x0000000100000000)
  eden space 254976K, 0% used [0x00000000e0000000,0x00000000e0000000,0x00000000ef900000)
  from space 55296K, 68% used [0x00000000ef900000,0x00000000f1dcfe90,0x00000000f2f00000)
  to   space 47104K, 0% used [0x00000000f2f00000,0x00000000f2f00000,0x00000000f5d00000)
 ParOldGen       total 188928K, used 163796K [0x00000000a0000000, 0x00000000ab880000, 0x00000000e0000000)
  object space 188928K, 86% used [0x00000000a0000000,0x00000000a9ff5218,0x00000000ab880000)
 Metaspace       used 70055K, capacity 71992K, committed 72192K, reserved 1112064K
  class space    used 8657K, capacity 9083K, committed 9216K, reserved 1048576K
Event: 441.838 GC heap after
Heap after GC invocations=40 (full 7):
 PSYoungGen      total 310272K, used 0K [0x00000000e0000000, 0x00000000f6c00000, 0x0000000100000000)
  eden space 254976K, 0% used [0x00000000e0000000,0x00000000e0000000,0x00000000ef900000)
  from space 55296K, 0% used [0x00000000ef900000,0x00000000ef900000,0x00000000f2f00000)
  to   space 47104K, 0% used [0x00000000f2f00000,0x00000000f2f00000,0x00000000f5d00000)
 ParOldGen       total 188928K, used 156173K [0x00000000a0000000, 0x00000000ab880000, 0x00000000e0000000)
  object space 188928K, 82% used [0x00000000a0000000,0x00000000a9883498,0x00000000ab880000)
 Metaspace       used 70055K, capacity 71992K, committed 72192K, reserved 1112064K
  class space    used 8657K, capacity 9083K, committed 9216K, reserved 1048576K
}

Deoptimization events (10 events):
Event: 436.200 Thread 0x0000000020e53000 Uncommon trap: reason=bimorphic action=maybe_recompile pc=0x00000000055f7ecc method=com.android.dx.ssa.LiteralOpUpgrader.tryReplacingWithConstant(Lcom/android/dx/ssa/NormalSsaInsn;)Z @ 62
Event: 436.284 Thread 0x0000000020e53000 Uncommon trap: reason=bimorphic action=maybe_recompile pc=0x00000000055f7ecc method=com.android.dx.ssa.LiteralOpUpgrader.tryReplacingWithConstant(Lcom/android/dx/ssa/NormalSsaInsn;)Z @ 62
Event: 436.401 Thread 0x0000000020e59800 Uncommon trap: reason=unstable_if action=reinterpret pc=0x00000000053257a8 method=com.android.dx.dex.code.OutputFinisher.hasLocalInfo(Lcom/android/dx/dex/code/DalvInsn;)Z @ 24
Event: 436.517 Thread 0x0000000020e5d800 Uncommon trap: reason=class_check action=maybe_recompile pc=0x000000000558f840 method=com.android.dx.ssa.SCCP.simulateBranch(Lcom/android/dx/ssa/SsaInsn;)V @ 145
Event: 436.960 Thread 0x0000000020e50800 Uncommon trap: reason=unstable_if action=reinterpret pc=0x000000000545e644 method=java.util.concurrent.ConcurrentHashMap.putVal(Ljava/lang/Object;Ljava/lang/Object;Z)Ljava/lang/Object; @ 331
Event: 437.021 Thread 0x0000000020e50800 Uncommon trap: reason=unstable_if action=reinterpret pc=0x0000000003140364 method=java.util.HashMap.getNode(ILjava/lang/Object;)Ljava/util/HashMap$Node; @ 84
Event: 439.236 Thread 0x0000000020e56000 Uncommon trap: reason=unstable_if action=reinterpret pc=0x00000000057bb4d8 method=com.android.dx.cf.code.Merger.mergeLocals(Lcom/android/dx/cf/code/OneLocalsArray;Lcom/android/dx/cf/code/OneLocalsArray;)Lcom/android/dx/cf/code/OneLocalsArray; @ 2
Event: 439.384 Thread 0x0000000020e54800 Uncommon trap: reason=unstable_if action=reinterpret pc=0x000000000575c140 method=com.android.dx.cf.code.Merger.mergeType(Lcom/android/dx/rop/type/TypeBearer;Lcom/android/dx/rop/type/TypeBearer;)Lcom/android/dx/rop/type/TypeBearer; @ 52
Event: 440.355 Thread 0x0000000020e52000 Uncommon trap: reason=unstable_if action=reinterpret pc=0x00000000057da270 method=java.util.concurrent.ConcurrentHashMap.putVal(Ljava/lang/Object;Ljava/lang/Object;Z)Ljava/lang/Object; @ 288
Event: 440.545 Thread 0x000000001974b000 Uncommon trap: reason=unstable_if action=reinterpret pc=0x000000000574f36c method=com.android.dx.dex.code.OutputFinisher.findOpcodeForInsn(Lcom/android/dx/dex/code/DalvInsn;Lcom/android/dx/dex/code/Dop;)Lcom/android/dx/dex/code/Dop; @ 1

Internal exceptions (10 events):
Event: 244.585 Thread 0x000000001bd6b000 Implicit null exception at 0x0000000003903033 to 0x0000000003903c7d
Event: 244.636 Thread 0x000000001bd6b000 Implicit null exception at 0x00000000038f9137 to 0x00000000038f9bfd
Event: 246.304 Thread 0x000000001bd6b000 Implicit null exception at 0x00000000047d0d14 to 0x00000000047d24fd
Event: 247.647 Thread 0x000000001bd6b000 Exception <a 'java/lang/reflect/InvocationTargetException'> (0x00000000e50107e8) thrown at [C:\src\android\AOSP-openjdk\external\jetbrains\jdk\hotspot\src\share\vm\runtime\reflection.cpp, line 1092]
Event: 248.360 Thread 0x000000001bd69000 Exception <a 'java/lang/NoSuchMethodError': <clinit>> (0x00000000e02034c8) thrown at [C:\src\android\AOSP-openjdk\external\jetbrains\jdk\hotspot\src\share\vm\prims\jni.cpp, line 1591]
Event: 375.842 Thread 0x000000001bd6a800 Exception <a 'java/lang/ClassNotFoundException': asLocalRepo441_c9u2qr003dxvx2tz8ef5d24goBeanInfo> (0x00000000e04bb9e8) thrown at [C:\src\android\AOSP-openjdk\external\jetbrains\jdk\hotspot\src\share\vm\classfile\systemDictionary.cpp, line 210]
Event: 375.843 Thread 0x000000001bd6a800 Exception <a 'java/lang/ClassNotFoundException': asLocalRepo441_c9u2qr003dxvx2tz8ef5d24goCustomizer> (0x00000000e04c5588) thrown at [C:\src\android\AOSP-openjdk\external\jetbrains\jdk\hotspot\src\share\vm\classfile\systemDictionary.cpp, line 210]
Event: 382.703 Thread 0x000000001bd6a800 Implicit null exception at 0x00000000044b6637 to 0x00000000044b66ad
Event: 428.218 Thread 0x000000001bd6a800 Exception <a 'java/io/FileNotFoundException'> (0x00000000e4c0e0a0) thrown at [C:\src\android\AOSP-openjdk\external\jetbrains\jdk\hotspot\src\share\vm\prims\jni.cpp, line 709]
Event: 440.355 Thread 0x0000000020e52000 Implicit null exception at 0x00000000057d9b9c to 0x00000000057da23d

Events (10 events):
Event: 442.005 Thread 0x0000000016332800 flushing nmethod 0x00000000053ed910
Event: 442.005 Thread 0x0000000016332800 flushing nmethod 0x00000000053f7550
Event: 442.005 Thread 0x0000000016332800 flushing nmethod 0x000000000540e550
Event: 442.005 Thread 0x0000000016332800 flushing nmethod 0x0000000005418fd0
Event: 442.005 Thread 0x0000000016332800 flushing nmethod 0x000000000542ec90
Event: 442.006 Thread 0x0000000016332800 flushing nmethod 0x0000000005458490
Event: 442.006 Thread 0x0000000016332800 flushing nmethod 0x0000000005458c10
Event: 442.020 Executing VM operation: RevokeBias
Event: 442.024 Executing VM operation: RevokeBias done
Event: 442.068 Thread 0x0000000016332800 flushing nmethod 0x000000000554c910


Dynamic libraries:
0x00007ff752cb0000 - 0x00007ff752ce1000 	C:\Program Files\Android\Android Studio\jre\bin\java.exe
0x00007ffbe7980000 - 0x00007ffbe7b51000 	C:\WINDOWS\SYSTEM32\ntdll.dll
0x00007ffbe67c0000 - 0x00007ffbe686b000 	C:\WINDOWS\System32\KERNEL32.DLL
0x00007ffbe4200000 - 0x00007ffbe441d000 	C:\WINDOWS\System32\KERNELBASE.dll
0x00007ffbe7260000 - 0x00007ffbe7302000 	C:\WINDOWS\System32\ADVAPI32.dll
0x00007ffbe7700000 - 0x00007ffbe779e000 	C:\WINDOWS\System32\msvcrt.dll
0x00007ffbe6a20000 - 0x00007ffbe6a79000 	C:\WINDOWS\System32\sechost.dll
0x00007ffbe7130000 - 0x00007ffbe7251000 	C:\WINDOWS\System32\RPCRT4.dll
0x00007ffbe68b0000 - 0x00007ffbe6a15000 	C:\WINDOWS\System32\USER32.dll
0x00007ffbe4e40000 - 0x00007ffbe4e5e000 	C:\WINDOWS\System32\win32u.dll
0x00007ffbe6870000 - 0x00007ffbe68a4000 	C:\WINDOWS\System32\GDI32.dll
0x00007ffbe3fd0000 - 0x00007ffbe4152000 	C:\WINDOWS\System32\gdi32full.dll
0x00007ffbd8f10000 - 0x00007ffbd918a000 	C:\WINDOWS\WinSxS\amd64_microsoft.windows.common-controls_6595b64144ccf1df_6.0.14393.953_none_42151e83c686086b\COMCTL32.dll
0x00007ffbe7370000 - 0x00007ffbe7638000 	C:\WINDOWS\System32\combase.dll
0x00007ffbe4d40000 - 0x00007ffbe4e35000 	C:\WINDOWS\System32\ucrtbase.dll
0x00007ffbe4cd0000 - 0x00007ffbe4d3a000 	C:\WINDOWS\System32\bcryptPrimitives.dll
0x00007ffbe6a90000 - 0x00007ffbe6abe000 	C:\WINDOWS\System32\IMM32.DLL
0x000000006e4b0000 - 0x000000006e582000 	C:\Program Files\Android\Android Studio\jre\jre\bin\msvcr100.dll
0x000000006e5b0000 - 0x000000006ede4000 	C:\Program Files\Android\Android Studio\jre\jre\bin\server\jvm.dll
0x00007ffbe6a80000 - 0x00007ffbe6a88000 	C:\WINDOWS\System32\PSAPI.DLL
0x00007ffbdc570000 - 0x00007ffbdc57a000 	C:\WINDOWS\SYSTEM32\VERSION.dll
0x00007ffbd0c30000 - 0x00007ffbd0c39000 	C:\WINDOWS\SYSTEM32\WSOCK32.dll
0x00007ffbe2260000 - 0x00007ffbe2283000 	C:\WINDOWS\SYSTEM32\WINMM.dll
0x00007ffbe6c20000 - 0x00007ffbe6c8a000 	C:\WINDOWS\System32\WS2_32.dll
0x0000000000b00000 - 0x0000000000b2b000 	C:\WINDOWS\SYSTEM32\WINMMBASE.dll
0x00007ffbe4e60000 - 0x00007ffbe4ea2000 	C:\WINDOWS\System32\cfgmgr32.dll
0x00007ffbde870000 - 0x00007ffbde87f000 	C:\Program Files\Android\Android Studio\jre\jre\bin\verify.dll
0x00007ffbd3770000 - 0x00007ffbd3799000 	C:\Program Files\Android\Android Studio\jre\jre\bin\java.dll
0x00007ffbdd8d0000 - 0x00007ffbdd8e6000 	C:\Program Files\Android\Android Studio\jre\jre\bin\zip.dll
0x00007ffbe5050000 - 0x00007ffbe6559000 	C:\WINDOWS\System32\SHELL32.dll
0x00007ffbe4420000 - 0x00007ffbe4afa000 	C:\WINDOWS\System32\windows.storage.dll
0x00007ffbe3e10000 - 0x00007ffbe3e5c000 	C:\WINDOWS\System32\powrprof.dll
0x00007ffbe6760000 - 0x00007ffbe67b2000 	C:\WINDOWS\System32\shlwapi.dll
0x00007ffbe3de0000 - 0x00007ffbe3def000 	C:\WINDOWS\System32\kernel.appcore.dll
0x00007ffbe3e70000 - 0x00007ffbe3f19000 	C:\WINDOWS\System32\shcore.dll
0x00007ffbe3df0000 - 0x00007ffbe3e04000 	C:\WINDOWS\System32\profapi.dll
0x00007ffbd6720000 - 0x00007ffbd673a000 	C:\Program Files\Android\Android Studio\jre\jre\bin\net.dll
0x00007ffbe36b0000 - 0x00007ffbe370c000 	C:\WINDOWS\system32\mswsock.dll
0x00007ffbd5f40000 - 0x00007ffbd5f51000 	C:\Program Files\Android\Android Studio\jre\jre\bin\nio.dll
0x00007ffbd0cc0000 - 0x00007ffbd0cd2000 	C:\Users\Artem\.gradle\native\19\windows-amd64\native-platform.dll
0x00007ffbe38b0000 - 0x00007ffbe38c7000 	C:\WINDOWS\SYSTEM32\CRYPTSP.dll
0x00007ffbe32b0000 - 0x00007ffbe32e3000 	C:\WINDOWS\system32\rsaenh.dll
0x00007ffbe3d20000 - 0x00007ffbe3d4b000 	C:\WINDOWS\SYSTEM32\bcrypt.dll
0x00007ffbe3530000 - 0x00007ffbe354f000 	C:\WINDOWS\SYSTEM32\USERENV.dll
0x00007ffbe38d0000 - 0x00007ffbe38db000 	C:\WINDOWS\SYSTEM32\CRYPTBASE.dll
0x00007ffbe3430000 - 0x00007ffbe3468000 	C:\WINDOWS\SYSTEM32\IPHLPAPI.DLL
0x00007ffbe7870000 - 0x00007ffbe7878000 	C:\WINDOWS\System32\NSI.dll
0x00007ffbdd930000 - 0x00007ffbdd946000 	C:\WINDOWS\SYSTEM32\dhcpcsvc6.DLL
0x00007ffbddb10000 - 0x00007ffbddb2a000 	C:\WINDOWS\SYSTEM32\dhcpcsvc.DLL
0x00007ffbde5c0000 - 0x00007ffbde5cd000 	C:\Program Files\Android\Android Studio\jre\jre\bin\management.dll
0x00007ffbb8e70000 - 0x00007ffbb9003000 	C:\Program Files\Android\Android Studio\jre\jre\bin\awt.dll
0x00007ffbe7640000 - 0x00007ffbe76ff000 	C:\WINDOWS\System32\OLEAUT32.dll
0x00007ffbe4160000 - 0x00007ffbe41fc000 	C:\WINDOWS\System32\msvcp_win.dll
0x00007ffbe2380000 - 0x00007ffbe23fa000 	C:\WINDOWS\SYSTEM32\apphelp.dll
0x00007ffbe2060000 - 0x00007ffbe2086000 	C:\WINDOWS\system32\DWMAPI.DLL
0x00007ffbe2560000 - 0x00007ffbe25f5000 	C:\WINDOWS\system32\uxtheme.dll

VM Arguments:
jvm_args: -Xmx1536m -Dfile.encoding=windows-1251 -Duser.country=RU -Duser.language=ru -Duser.variant 
java_command: org.gradle.launcher.daemon.bootstrap.GradleDaemon 2.14.1
java_class_path (initial): C:\Program Files\Android\Android Studio\gradle\gradle-2.14.1\lib\gradle-launcher-2.14.1.jar
Launcher Type: SUN_STANDARD

Environment Variables:
PATH=C:\ProgramData\Oracle\Java\javapath;C:\WINDOWS\system32;C:\WINDOWS;C:\WINDOWS\System32\Wbem;C:\WINDOWS\System32\WindowsPowerShell\v1.0\;D:\cmake\bin;C:\Program Files (x86)\GtkSharp\2.12\bin;C:\Program Files (x86)\NVIDIA Corporation\PhysX\Common;C:\Program Files\Git\cmd;C:\Program Files (x86)\Skype\Phone\;C:\Users\Artem\AppData\Local\Microsoft\WindowsApps;
USERNAME=Artem
OS=Windows_NT
PROCESSOR_IDENTIFIER=Intel64 Family 6 Model 61 Stepping 4, GenuineIntel



---------------  S Y S T E M  ---------------

OS: Windows 10.0 , 64 bit Build 14393 (10.0.14393.0)

CPU:total 4 (2 cores per cpu, 2 threads per core) family 6 model 61 stepping 4, cmov, cx8, fxsr, mmx, sse, sse2, sse3, ssse3, sse4.1, sse4.2, popcnt, avx, avx2, aes, clmul, erms, 3dnowpref, lzcnt, ht, tsc, tscinvbit, bmi1, bmi2, adx

Memory: 4k page, physical 4102636k(457352k free), swap 6320940k(4120k free)

vm_info: OpenJDK 64-Bit Server VM (25.76-b03) for windows-amd64 JRE (1.8.0_76-release-b03), built on Jun 29 2016 19:09:20 by "ralucas" with MS VC++ 10.0 (VS2010)

time: Sun Apr 02 02:22:02 2017
elapsed time: 442 seconds (0d 0h 7m 22s)

